ERROR: system: AutoSpawner is already defined in that package
INFO: MineTweaker: Building registry
INFO: MineTweaker: Sucessfully built item registry
INFO: Adding command minetweaker
INFO: Adding minetweaker command tooltips
INFO: Adding minetweaker command entities
INFO: Adding minetweaker command appeng
INFO: Adding minetweaker command materials
INFO: Adding minetweaker command modifiers
INFO: Adding minetweaker command tconstruct
INFO: Adding minetweaker command thermalexpansion
INFO: Adding minetweaker command mfr
INFO: Hiding item.backpack.medium in NEI
INFO: Hiding item.backpack.medium_black in NEI
INFO: Hiding item.backpack.medium_red in NEI
INFO: Hiding item.backpack.medium_green in NEI
INFO: Hiding item.backpack.medium_brown in NEI
INFO: Hiding item.backpack.medium_blue in NEI
INFO: Hiding item.backpack.medium_purple in NEI
INFO: Hiding item.backpack.medium_cyan in NEI
INFO: Hiding item.backpack.medium_lightGray in NEI
INFO: Hiding item.backpack.medium_gray in NEI
INFO: Hiding item.backpack.medium_pink in NEI
INFO: Hiding item.backpack.medium_lime in NEI
INFO: Hiding item.backpack.medium_yellow in NEI
INFO: Hiding item.backpack.medium_lightBlue in NEI
INFO: Hiding item.backpack.medium_magenta in NEI
INFO: Hiding item.backpack.medium_orange in NEI
INFO: Hiding item.backpack.medium_white in NEI
INFO: Removing 1 recipes
INFO: Removing 1 recipes
INFO: Removing 1 recipes
INFO: Removing 1 recipes
INFO: Removing 1 recipes
INFO: Removing 1 recipes
INFO: Removing 1 recipes
INFO: Removing 1 recipes
INFO: Removing 1 recipes
INFO: Removing 1 recipes
INFO: Removing 1 recipes
INFO: Removing 1 recipes
INFO: Removing 1 recipes
INFO: Removing 1 recipes
INFO: Removing 1 recipes
INFO: Removing 1 recipes
INFO: Removing 1 recipes
INFO: Removing 0 recipes
INFO: Removing 0 recipes
INFO: Removing 0 recipes
INFO: Removing 0 recipes
INFO: Removing 0 recipes
INFO: Removing 0 recipes
INFO: Removing 0 recipes
INFO: Removing 0 recipes
INFO: Removing 0 recipes
INFO: Removing 0 recipes
INFO: Removing 0 recipes
INFO: Removing 0 recipes
INFO: Removing 0 recipes
INFO: Removing 0 recipes
INFO: Removing 0 recipes
INFO: Removing 0 recipes
INFO: Removing 0 recipes
INFO: Adding recipe for Backpack
INFO: Adding recipe for Black Backpack
INFO: Adding recipe for Red Backpack
INFO: Adding recipe for Green Backpack
INFO: Adding recipe for Brown Backpack
INFO: Adding recipe for Blue Backpack
INFO: Adding recipe for Purple Backpack
INFO: Adding recipe for Cyan Backpack
INFO: Adding recipe for Light Gray Backpack
INFO: Adding recipe for Gray Backpack
INFO: Adding recipe for Pink Backpack
INFO: Adding recipe for Lime Backpack
INFO: Adding recipe for Yellow Backpack
INFO: Adding recipe for Light Blue Backpack
INFO: Adding recipe for Magenta Backpack
INFO: Adding recipe for Orange Backpack
INFO: Adding recipe for White Backpack
INFO: Adding recipe for Big Backpack
INFO: Adding recipe for Big Black Backpack
INFO: Adding recipe for Big Red Backpack
INFO: Adding recipe for Big Green Backpack
INFO: Adding recipe for Big Brown Backpack
INFO: Adding recipe for Big Blue Backpack
INFO: Adding recipe for Big Purple Backpack
INFO: Adding recipe for Big Cyan Backpack
INFO: Adding recipe for Big Light Gray Backpack
INFO: Adding recipe for Big Gray Backpack
INFO: Adding recipe for Big Pink Backpack
INFO: Adding recipe for Big Lime Backpack
INFO: Adding recipe for Big Yellow Backpack
INFO: Adding recipe for Big Light Blue Backpack
INFO: Adding recipe for Big Magenta Backpack
INFO: Adding recipe for Big Orange Backpack
INFO: Adding recipe for Big White Backpack
INFO: Removing 1 recipes
INFO: Adding recipe for Ender Backpack
INFO: Removing 1 recipes
INFO: Adding recipe for Workbench Backpack
INFO: Removing 1 recipes
INFO: Adding recipe for Big Workbench Backpack
INFO: Removing 1 recipes
INFO: Removing 1 recipes
INFO: Removing 1 recipes
INFO: Removing 1 recipes
INFO: Removing 1 recipes
INFO: Removing 1 recipes
INFO: Removing 1 recipes
INFO: Adding recipe for Reactor Controller
INFO: Adding recipe for Reactor Control Rod
INFO: Adding recipe for Reactor Power Tap
INFO: Adding recipe for Reactor Computer Port
INFO: Adding recipe for Cyanite Reprocesssor
INFO: Adding recipe for Reactor Redstone Port
INFO: Adding recipe for Turbine Power Port
INFO: Removing 1 recipes
INFO: Hiding item.pickaxeMud in NEI
INFO: Removing 1 recipes
INFO: Hiding item.axeMud in NEI
INFO: Removing 1 recipes
INFO: Hiding item.shovelMud in NEI
INFO: Removing 1 recipes
INFO: Hiding item.swordMud in NEI
INFO: Removing 1 recipes
INFO: Hiding item.hoeMud in NEI
INFO: Removing 2 recipes
INFO: Hiding item.scytheMud in NEI
INFO: Removing 1 recipes
INFO: Hiding item.pickaxeAmethyst in NEI
INFO: Removing 1 recipes
INFO: Hiding item.axeAmethyst in NEI
INFO: Removing 1 recipes
INFO: Hiding item.shovelAmethyst in NEI
INFO: Removing 1 recipes
INFO: Hiding item.swordAmethyst in NEI
INFO: Removing 1 recipes
INFO: Hiding item.hoeAmethyst in NEI
INFO: Removing 2 recipes
INFO: Hiding item.scytheAmethyst in NEI
INFO: Adding Honey Bucket to ore dictionary entry bucketHoney
INFO: Removing 1 recipes
INFO: Adding recipe for Biome Radar
INFO: Removing 1 recipes
INFO: Removing 1 recipes
INFO: Removing 1 recipes
INFO: Removing 1 recipes
INFO: Removing 1 recipes
INFO: Removing 1 recipes
INFO: Adding recipe for Computer
INFO: Adding recipe for Advanced Computer
INFO: Adding recipe for Disk Drive
INFO: Adding recipe for Printer
INFO: Adding recipe for Networking Cable
INFO: Adding recipe for Wired Modem
INFO: Removing 1 recipes
INFO: Removing 1 recipes
INFO: Removing 1 recipes
INFO: Removing 1 recipes
INFO: Adding recipe for Fluid Storage (Single)
INFO: Adding recipe for Fluid Storage
INFO: Adding recipe for Piping
INFO: Adding recipe for Aqueduct (MK I)
INFO: Removing 1 recipes
INFO: Adding recipe for Elevator Top
INFO: Removing 1 recipes
INFO: Removing 1 recipes
INFO: Adding recipe for Redstone Interface
INFO: Adding recipe for Redstone Interface Upgrade
INFO: Removing 1 recipes
INFO: Adding recipe for Bamboo Extender
INFO: Removing 1 recipes
INFO: Adding recipe for Umberstone Button
INFO: Removing 1 recipes
INFO: Removing 1 recipes
INFO: Removing 1 recipes
INFO: Removing 1 recipes
INFO: Removing 1 recipes
INFO: Removing 1 recipes
INFO: Removing 1 recipes
INFO: Removing 1 recipes
INFO: Removing 1 recipes
INFO: Removing 1 recipes
INFO: Removing 1 recipes
INFO: Removing 1 recipes
INFO: Removing 1 recipes
INFO: Removing 1 recipes
INFO: Removing 1 recipes
INFO: Removing 1 recipes
INFO: Removing 1 recipes
INFO: Removing 1 recipes
INFO: Removing 1 recipes
INFO: Removing 1 recipes
INFO: Removing 2 recipes
INFO: Removing 0 recipes
INFO: Removing 2 recipes
INFO: Removing 4 recipes
INFO: Removing 1 recipes
INFO: Removing 1 recipes
INFO: Removing 1 recipes
INFO: Removing 1 recipes
INFO: Removing 1 recipes
INFO: Removing 1 recipes
INFO: Removing 1 recipes
INFO: Removing 1 recipes
INFO: Removing 1 recipes
INFO: Removing 1 recipes
INFO: Adding recipe for Survivalist Generator
INFO: Adding recipe for Furnace Generator
INFO: Adding recipe for Lava Generator
INFO: Adding recipe for Ender Generator
INFO: Adding recipe for Heated Redstone Generator
INFO: Adding recipe for Culinary Generator
INFO: Adding recipe for Potions Generator
INFO: Adding recipe for Solar Generator
INFO: Adding recipe for TNT Generator
INFO: Adding recipe for Pink Generator
INFO: Adding recipe for High-temperature Furnace Generator
INFO: Adding recipe for Nether Star Generator
INFO: Adding recipe for Heating Coil
INFO: Adding recipe for Block Update Detector
INFO: Adding recipe for Block Update Detector (Advanced)
INFO: Adding recipe for Conveyor Belt
INFO: Adding recipe for Transfer Pipe
INFO: Adding recipe for Energy Pipe
INFO: Adding recipe for Crossover Pipe
INFO: Adding recipe for Transfer Node (Items)
INFO: Adding recipe for Transfer Node (Items)
INFO: Adding recipe for Transfer Node (Liquids)
INFO: Adding recipe for Item Filter
INFO: Adding recipe for Redstone Clock
INFO: Adding recipe for Portable Scanner
INFO: Adding recipe for Ender Quarry World Hole Upgrade
INFO: Adding recipe for Ender Quarry Silk Touch Upgrade
INFO: Adding recipe for Ender Quarry Fortune I Upgrade
INFO: Adding recipe for Ender Quarry Fortune II Upgrade
INFO: Adding recipe for Ender Quarry Fortune III Upgrade
INFO: Adding recipe for Ender Quarry Pump Upgrade
INFO: Adding recipe for Mod Sorting Pipe
INFO: Adding recipe for Trash Can (Energy)
INFO: Removing 1 recipes
INFO: Removing 1 recipes
INFO: Removing 1 recipes
INFO: Removing 1 recipes
INFO: Adding recipe for Gas Pump
INFO: Adding recipe for Gas Dynamo
INFO: Adding recipe for Poor Man's Wooden Gas Dynamo
INFO: Adding recipe for Gas Sensitive Chip
INFO: Removing 1 recipes
INFO: Hiding item.pickaxeAgate in NEI
INFO: Removing 1 recipes
INFO: Hiding item.axeAgate in NEI
INFO: Removing 1 recipes
INFO: Hiding item.shovelAgate in NEI
INFO: Removing 1 recipes
INFO: Hiding item.swordAgate in NEI
INFO: Removing 1 recipes
INFO: Hiding item.hoeAgate in NEI
INFO: Removing 1 recipes
INFO: Hiding item.pickaxeChrysocolla in NEI
INFO: Removing 1 recipes
INFO: Hiding item.axeChrysocolla in NEI
INFO: Removing 1 recipes
INFO: Hiding item.shovelChrysocolla in NEI
INFO: Removing 1 recipes
INFO: Hiding item.swordChrysocolla in NEI
INFO: Removing 1 recipes
INFO: Hiding item.hoeChrysocolla in NEI
INFO: Removing 1 recipes
INFO: Hiding item.pickaxeCitrine in NEI
INFO: Removing 1 recipes
INFO: Hiding item.axeCitrine in NEI
INFO: Removing 1 recipes
INFO: Hiding item.shovelCitrine in NEI
INFO: Removing 1 recipes
INFO: Hiding item.swordCitrine in NEI
INFO: Removing 1 recipes
INFO: Hiding item.hoeCitrine in NEI
INFO: Removing 1 recipes
INFO: Hiding item.pickaxeGarnet in NEI
INFO: Removing 1 recipes
INFO: Hiding item.axeGarnet in NEI
INFO: Removing 1 recipes
INFO: Hiding item.shovelGarnet in NEI
INFO: Removing 1 recipes
INFO: Hiding item.swordGarnet in NEI
INFO: Removing 1 recipes
INFO: Hiding item.hoeGarnet in NEI
INFO: Removing 1 recipes
INFO: Hiding item.pickaxeJasper in NEI
INFO: Removing 1 recipes
INFO: Hiding item.axeJasper in NEI
INFO: Removing 1 recipes
INFO: Hiding item.shovelJasper in NEI
INFO: Removing 1 recipes
INFO: Hiding item.swordJasper in NEI
INFO: Removing 1 recipes
INFO: Hiding item.hoeJasper in NEI
INFO: Removing 1 recipes
INFO: Hiding item.pickaxeMalachite in NEI
INFO: Removing 1 recipes
INFO: Hiding item.axeMalachite in NEI
INFO: Removing 1 recipes
INFO: Hiding item.shovelMalachite in NEI
INFO: Removing 1 recipes
INFO: Hiding item.swordMalachite in NEI
INFO: Removing 1 recipes
INFO: Hiding item.hoeMalachite in NEI
INFO: Removing 1 recipes
INFO: Hiding item.pickaxeOnyx in NEI
INFO: Removing 1 recipes
INFO: Hiding item.axeOnyx in NEI
INFO: Removing 1 recipes
INFO: Hiding item.shovelOnyx in NEI
INFO: Removing 1 recipes
INFO: Hiding item.swordOnyx in NEI
INFO: Removing 1 recipes
INFO: Hiding item.hoeOnyx in NEI
INFO: Removing 1 recipes
INFO: Hiding item.pickaxePhoenixite in NEI
INFO: Removing 1 recipes
INFO: Hiding item.axePhoenixite in NEI
INFO: Removing 1 recipes
INFO: Hiding item.shovelPhoenixite in NEI
INFO: Removing 1 recipes
INFO: Hiding item.swordPhoenixite in NEI
INFO: Removing 1 recipes
INFO: Hiding item.hoePhoenixite in NEI
INFO: Removing 1 recipes
INFO: Hiding item.pickaxeSpinel in NEI
INFO: Removing 1 recipes
INFO: Hiding item.axeSpinel in NEI
INFO: Removing 1 recipes
INFO: Hiding item.shovelSpinel in NEI
INFO: Removing 1 recipes
INFO: Hiding item.swordSpinel in NEI
INFO: Removing 1 recipes
INFO: Hiding item.hoeSpinel in NEI
INFO: Removing 1 recipes
INFO: Hiding item.pickaxeSugilite in NEI
INFO: Removing 1 recipes
INFO: Hiding item.axeSugilite in NEI
INFO: Removing 1 recipes
INFO: Hiding item.shovelSugilite in NEI
INFO: Removing 1 recipes
INFO: Hiding item.swordSugilite in NEI
INFO: Removing 1 recipes
INFO: Hiding item.hoeSugilite in NEI
INFO: Removing 1 recipes
INFO: Hiding item.pickaxeTopaz in NEI
INFO: Removing 1 recipes
INFO: Hiding item.axeTopaz in NEI
INFO: Removing 1 recipes
INFO: Hiding item.shovelTopaz in NEI
INFO: Removing 1 recipes
INFO: Hiding item.swordTopaz in NEI
INFO: Removing 1 recipes
INFO: Hiding item.hoeTopaz in NEI
INFO: Removing 1 recipes
INFO: Hiding item.pickaxeTourmaline in NEI
INFO: Removing 1 recipes
INFO: Hiding item.axeTourmaline in NEI
INFO: Removing 1 recipes
INFO: Hiding item.shovelTourmaline in NEI
INFO: Removing 1 recipes
INFO: Hiding item.swordTourmaline in NEI
INFO: Removing 1 recipes
INFO: Hiding item.hoeTourmaline in NEI
INFO: Removing 1 recipes
INFO: Hiding item.pickaxeEmerald in NEI
INFO: Removing 1 recipes
INFO: Hiding item.axeEmerald in NEI
INFO: Removing 1 recipes
INFO: Hiding item.shovelEmerald in NEI
INFO: Removing 1 recipes
INFO: Hiding item.swordEmerald in NEI
INFO: Removing 1 recipes
INFO: Hiding item.hoeEmerald in NEI
INFO: Removing 1 recipes
INFO: Adding recipe for Curse of Loss
INFO: Removing 1 recipes
INFO: Adding recipe for Redstone facade
INFO: Removing 0 recipes
INFO: Hiding item.metallurgy.copper.pickaxe in NEI
INFO: Removing 0 recipes
INFO: Hiding item.metallurgy.copper.axe in NEI
INFO: Removing 0 recipes
INFO: Hiding item.metallurgy.copper.shovel in NEI
INFO: Removing 0 recipes
INFO: Hiding item.metallurgy.copper.sword in NEI
INFO: Removing 0 recipes
INFO: Hiding item.metallurgy.copper.hoe in NEI
INFO: Removing 0 recipes
INFO: Hiding item.metallurgy.copper.helmet in NEI
INFO: Removing 0 recipes
INFO: Hiding item.metallurgy.copper.chestplate in NEI
INFO: Removing 0 recipes
INFO: Hiding item.metallurgy.copper.leggings in NEI
INFO: Removing 0 recipes
INFO: Hiding item.metallurgy.copper.boots in NEI
INFO: Removing 0 recipes
INFO: Hiding item.metallurgy.astral.silver.pickaxe in NEI
INFO: Removing 0 recipes
INFO: Hiding item.metallurgy.astral.silver.axe in NEI
INFO: Removing 0 recipes
INFO: Hiding item.metallurgy.astral.silver.shovel in NEI
INFO: Removing 0 recipes
INFO: Hiding item.metallurgy.astral.silver.sword in NEI
INFO: Removing 0 recipes
INFO: Hiding item.metallurgy.astral.silver.hoe in NEI
INFO: Removing 0 recipes
INFO: Hiding item.metallurgy.astral.silver.helmet in NEI
INFO: Removing 0 recipes
INFO: Hiding item.metallurgy.astral.silver.chestplate in NEI
INFO: Removing 0 recipes
INFO: Hiding item.metallurgy.astral.silver.leggings in NEI
INFO: Removing 0 recipes
INFO: Hiding item.metallurgy.astral.silver.boots in NEI
INFO: Removing 0 recipes
INFO: Hiding item.metallurgy.atlarus.pickaxe in NEI
INFO: Removing 0 recipes
INFO: Hiding item.metallurgy.atlarus.axe in NEI
INFO: Removing 0 recipes
INFO: Hiding item.metallurgy.atlarus.shovel in NEI
INFO: Removing 0 recipes
INFO: Hiding item.metallurgy.atlarus.sword in NEI
INFO: Removing 0 recipes
INFO: Hiding item.metallurgy.atlarus.hoe in NEI
INFO: Removing 0 recipes
INFO: Hiding item.metallurgy.atlarus.helmet in NEI
INFO: Removing 0 recipes
INFO: Hiding item.metallurgy.atlarus.chestplate in NEI
INFO: Removing 0 recipes
INFO: Hiding item.metallurgy.atlarus.leggings in NEI
INFO: Removing 0 recipes
INFO: Hiding item.metallurgy.atlarus.boots in NEI
INFO: Removing 0 recipes
INFO: Hiding item.metallurgy.carmot.pickaxe in NEI
INFO: Removing 0 recipes
INFO: Hiding item.metallurgy.carmot.axe in NEI
INFO: Removing 0 recipes
INFO: Hiding item.metallurgy.carmot.shovel in NEI
INFO: Removing 0 recipes
INFO: Hiding item.metallurgy.carmot.sword in NEI
INFO: Removing 0 recipes
INFO: Hiding item.metallurgy.carmot.hoe in NEI
INFO: Removing 0 recipes
INFO: Hiding item.metallurgy.carmot.helmet in NEI
INFO: Removing 0 recipes
INFO: Hiding item.metallurgy.carmot.chestplate in NEI
INFO: Removing 0 recipes
INFO: Hiding item.metallurgy.carmot.leggings in NEI
INFO: Removing 0 recipes
INFO: Hiding item.metallurgy.carmot.boots in NEI
INFO: Removing 0 recipes
INFO: Hiding item.metallurgy.deep.iron.pickaxe in NEI
INFO: Removing 0 recipes
INFO: Hiding item.metallurgy.deep.iron.axe in NEI
INFO: Removing 0 recipes
INFO: Hiding item.metallurgy.deep.iron.shovel in NEI
INFO: Removing 0 recipes
INFO: Hiding item.metallurgy.deep.iron.sword in NEI
INFO: Removing 0 recipes
INFO: Hiding item.metallurgy.deep.iron.hoe in NEI
INFO: Removing 0 recipes
INFO: Hiding item.metallurgy.deep.iron.helmet in NEI
INFO: Removing 0 recipes
INFO: Hiding item.metallurgy.deep.iron.chestplate in NEI
INFO: Removing 0 recipes
INFO: Hiding item.metallurgy.deep.iron.leggings in NEI
INFO: Removing 0 recipes
INFO: Hiding item.metallurgy.deep.iron.boots in NEI
INFO: Removing 0 recipes
INFO: Hiding item.metallurgy.mithril.pickaxe in NEI
INFO: Removing 0 recipes
INFO: Hiding item.metallurgy.mithril.axe in NEI
INFO: Removing 0 recipes
INFO: Hiding item.metallurgy.mithril.shovel in NEI
INFO: Removing 0 recipes
INFO: Hiding item.metallurgy.mithril.sword in NEI
INFO: Removing 0 recipes
INFO: Hiding item.metallurgy.mithril.hoe in NEI
INFO: Removing 0 recipes
INFO: Hiding item.metallurgy.mithril.helmet in NEI
INFO: Removing 0 recipes
INFO: Hiding item.metallurgy.mithril.chestplate in NEI
INFO: Removing 0 recipes
INFO: Hiding item.metallurgy.mithril.leggings in NEI
INFO: Removing 0 recipes
INFO: Hiding item.metallurgy.mithril.boots in NEI
INFO: Removing 0 recipes
INFO: Hiding item.metallurgy.orichalcum.pickaxe in NEI
INFO: Removing 0 recipes
INFO: Hiding item.metallurgy.orichalcum.axe in NEI
INFO: Removing 0 recipes
INFO: Hiding item.metallurgy.orichalcum.shovel in NEI
INFO: Removing 0 recipes
INFO: Hiding item.metallurgy.orichalcum.sword in NEI
INFO: Removing 0 recipes
INFO: Hiding item.metallurgy.orichalcum.hoe in NEI
INFO: Removing 0 recipes
INFO: Hiding item.metallurgy.orichalcum.helmet in NEI
INFO: Removing 0 recipes
INFO: Hiding item.metallurgy.orichalcum.chestplate in NEI
INFO: Removing 0 recipes
INFO: Hiding item.metallurgy.orichalcum.leggings in NEI
INFO: Removing 0 recipes
INFO: Hiding item.metallurgy.orichalcum.boots in NEI
INFO: Removing 0 recipes
INFO: Hiding item.metallurgy.oureclase.pickaxe in NEI
INFO: Removing 0 recipes
INFO: Hiding item.metallurgy.oureclase.axe in NEI
INFO: Removing 0 recipes
INFO: Hiding item.metallurgy.oureclase.shovel in NEI
INFO: Removing 0 recipes
INFO: Hiding item.metallurgy.oureclase.sword in NEI
INFO: Removing 0 recipes
INFO: Hiding item.metallurgy.oureclase.hoe in NEI
INFO: Removing 0 recipes
INFO: Hiding item.metallurgy.oureclase.helmet in NEI
INFO: Removing 0 recipes
INFO: Hiding item.metallurgy.oureclase.chestplate in NEI
INFO: Removing 0 recipes
INFO: Hiding item.metallurgy.oureclase.leggings in NEI
INFO: Removing 0 recipes
INFO: Hiding item.metallurgy.oureclase.boots in NEI
INFO: Removing 0 recipes
INFO: Hiding item.metallurgy.prometheum.pickaxe in NEI
INFO: Removing 0 recipes
INFO: Hiding item.metallurgy.prometheum.axe in NEI
INFO: Removing 0 recipes
INFO: Hiding item.metallurgy.prometheum.shovel in NEI
INFO: Removing 0 recipes
INFO: Hiding item.metallurgy.prometheum.sword in NEI
INFO: Removing 0 recipes
INFO: Hiding item.metallurgy.prometheum.hoe in NEI
INFO: Removing 0 recipes
INFO: Hiding item.metallurgy.prometheum.helmet in NEI
INFO: Removing 0 recipes
INFO: Hiding item.metallurgy.prometheum.chestplate in NEI
INFO: Removing 0 recipes
INFO: Hiding item.metallurgy.prometheum.leggings in NEI
INFO: Removing 0 recipes
INFO: Hiding item.metallurgy.prometheum.boots in NEI
INFO: Removing 0 recipes
INFO: Hiding item.metallurgy.eximite.pickaxe in NEI
INFO: Removing 0 recipes
INFO: Hiding item.metallurgy.eximite.axe in NEI
INFO: Removing 0 recipes
INFO: Hiding item.metallurgy.eximite.shovel in NEI
INFO: Removing 0 recipes
INFO: Hiding item.metallurgy.eximite.sword in NEI
INFO: Removing 0 recipes
INFO: Hiding item.metallurgy.eximite.hoe in NEI
INFO: Removing 0 recipes
INFO: Hiding item.metallurgy.eximite.helmet in NEI
INFO: Removing 0 recipes
INFO: Hiding item.metallurgy.eximite.chestplate in NEI
INFO: Removing 0 recipes
INFO: Hiding item.metallurgy.eximite.leggings in NEI
INFO: Removing 0 recipes
INFO: Hiding item.metallurgy.eximite.boots in NEI
INFO: Removing 0 recipes
INFO: Hiding item.metallurgy.silver.pickaxe in NEI
INFO: Removing 0 recipes
INFO: Hiding item.metallurgy.silver.axe in NEI
INFO: Removing 0 recipes
INFO: Hiding item.metallurgy.silver.shovel in NEI
INFO: Removing 0 recipes
INFO: Hiding item.metallurgy.silver.sword in NEI
INFO: Removing 0 recipes
INFO: Hiding item.metallurgy.silver.hoe in NEI
INFO: Removing 0 recipes
INFO: Hiding item.metallurgy.silver.helmet in NEI
INFO: Removing 0 recipes
INFO: Hiding item.metallurgy.silver.chestplate in NEI
INFO: Removing 0 recipes
INFO: Hiding item.metallurgy.silver.leggings in NEI
INFO: Removing 0 recipes
INFO: Hiding item.metallurgy.silver.boots in NEI
INFO: Removing 0 recipes
INFO: Hiding item.metallurgy.ceruclase.pickaxe in NEI
INFO: Removing 0 recipes
INFO: Hiding item.metallurgy.ceruclase.axe in NEI
INFO: Removing 0 recipes
INFO: Hiding item.metallurgy.ceruclase.shovel in NEI
INFO: Removing 0 recipes
INFO: Hiding item.metallurgy.ceruclase.sword in NEI
INFO: Removing 0 recipes
INFO: Hiding item.metallurgy.ceruclase.hoe in NEI
INFO: Removing 0 recipes
INFO: Hiding item.metallurgy.ceruclase.helmet in NEI
INFO: Removing 0 recipes
INFO: Hiding item.metallurgy.ceruclase.chestplate in NEI
INFO: Removing 0 recipes
INFO: Hiding item.metallurgy.ceruclase.leggings in NEI
INFO: Removing 0 recipes
INFO: Hiding item.metallurgy.ceruclase.boots in NEI
INFO: Removing 0 recipes
INFO: Hiding item.metallurgy.ignatius.pickaxe in NEI
INFO: Removing 0 recipes
INFO: Hiding item.metallurgy.ignatius.axe in NEI
INFO: Removing 0 recipes
INFO: Hiding item.metallurgy.ignatius.shovel in NEI
INFO: Removing 0 recipes
INFO: Hiding item.metallurgy.ignatius.sword in NEI
INFO: Removing 0 recipes
INFO: Hiding item.metallurgy.ignatius.hoe in NEI
INFO: Removing 0 recipes
INFO: Hiding item.metallurgy.ignatius.helmet in NEI
INFO: Removing 0 recipes
INFO: Hiding item.metallurgy.ignatius.chestplate in NEI
INFO: Removing 0 recipes
INFO: Hiding item.metallurgy.ignatius.leggings in NEI
INFO: Removing 0 recipes
INFO: Hiding item.metallurgy.ignatius.boots in NEI
INFO: Removing 0 recipes
INFO: Hiding item.metallurgy.kalendrite.pickaxe in NEI
INFO: Removing 0 recipes
INFO: Hiding item.metallurgy.kalendrite.axe in NEI
INFO: Removing 0 recipes
INFO: Hiding item.metallurgy.kalendrite.shovel in NEI
INFO: Removing 0 recipes
INFO: Hiding item.metallurgy.kalendrite.sword in NEI
INFO: Removing 0 recipes
INFO: Hiding item.metallurgy.kalendrite.hoe in NEI
INFO: Removing 0 recipes
INFO: Hiding item.metallurgy.kalendrite.helmet in NEI
INFO: Removing 0 recipes
INFO: Hiding item.metallurgy.kalendrite.chestplate in NEI
INFO: Removing 0 recipes
INFO: Hiding item.metallurgy.kalendrite.leggings in NEI
INFO: Removing 0 recipes
INFO: Hiding item.metallurgy.kalendrite.boots in NEI
INFO: Removing 0 recipes
INFO: Hiding item.metallurgy.midasium.pickaxe in NEI
INFO: Removing 0 recipes
INFO: Hiding item.metallurgy.midasium.axe in NEI
INFO: Removing 0 recipes
INFO: Hiding item.metallurgy.midasium.shovel in NEI
INFO: Removing 0 recipes
INFO: Hiding item.metallurgy.midasium.sword in NEI
INFO: Removing 0 recipes
INFO: Hiding item.metallurgy.midasium.hoe in NEI
INFO: Removing 0 recipes
INFO: Hiding item.metallurgy.midasium.helmet in NEI
INFO: Removing 0 recipes
INFO: Hiding item.metallurgy.midasium.chestplate in NEI
INFO: Removing 0 recipes
INFO: Hiding item.metallurgy.midasium.leggings in NEI
INFO: Removing 0 recipes
INFO: Hiding item.metallurgy.midasium.boots in NEI
INFO: Removing 0 recipes
INFO: Hiding item.metallurgy.sanguinite.pickaxe in NEI
INFO: Removing 0 recipes
INFO: Hiding item.metallurgy.sanguinite.axe in NEI
INFO: Removing 0 recipes
INFO: Hiding item.metallurgy.sanguinite.shovel in NEI
INFO: Removing 0 recipes
INFO: Hiding item.metallurgy.sanguinite.sword in NEI
INFO: Removing 0 recipes
INFO: Hiding item.metallurgy.sanguinite.hoe in NEI
INFO: Removing 0 recipes
INFO: Hiding item.metallurgy.sanguinite.helmet in NEI
INFO: Removing 0 recipes
INFO: Hiding item.metallurgy.sanguinite.chestplate in NEI
INFO: Removing 0 recipes
INFO: Hiding item.metallurgy.sanguinite.leggings in NEI
INFO: Removing 0 recipes
INFO: Hiding item.metallurgy.sanguinite.boots in NEI
INFO: Removing 0 recipes
INFO: Hiding item.metallurgy.shadow.iron.pickaxe in NEI
INFO: Removing 0 recipes
INFO: Hiding item.metallurgy.shadow.iron.axe in NEI
INFO: Removing 0 recipes
INFO: Hiding item.metallurgy.shadow.iron.shovel in NEI
INFO: Removing 0 recipes
INFO: Hiding item.metallurgy.shadow.iron.sword in NEI
INFO: Removing 0 recipes
INFO: Hiding item.metallurgy.shadow.iron.hoe in NEI
INFO: Removing 0 recipes
INFO: Hiding item.metallurgy.shadow.iron.helmet in NEI
INFO: Removing 0 recipes
INFO: Hiding item.metallurgy.shadow.iron.chestplate in NEI
INFO: Removing 0 recipes
INFO: Hiding item.metallurgy.shadow.iron.leggings in NEI
INFO: Removing 0 recipes
INFO: Hiding item.metallurgy.shadow.iron.boots in NEI
INFO: Removing 0 recipes
INFO: Hiding item.metallurgy.vulcanite.pickaxe in NEI
INFO: Removing 0 recipes
INFO: Hiding item.metallurgy.vulcanite.axe in NEI
INFO: Removing 0 recipes
INFO: Hiding item.metallurgy.vulcanite.shovel in NEI
INFO: Removing 0 recipes
INFO: Hiding item.metallurgy.vulcanite.sword in NEI
INFO: Removing 0 recipes
INFO: Hiding item.metallurgy.vulcanite.hoe in NEI
INFO: Removing 0 recipes
INFO: Hiding item.metallurgy.vulcanite.helmet in NEI
INFO: Removing 0 recipes
INFO: Hiding item.metallurgy.vulcanite.chestplate in NEI
INFO: Removing 0 recipes
INFO: Hiding item.metallurgy.vulcanite.leggings in NEI
INFO: Removing 0 recipes
INFO: Hiding item.metallurgy.vulcanite.boots in NEI
INFO: Removing 0 recipes
INFO: Hiding item.metallurgy.vyroxeres.pickaxe in NEI
INFO: Removing 0 recipes
INFO: Hiding item.metallurgy.vyroxeres.axe in NEI
INFO: Removing 0 recipes
INFO: Hiding item.metallurgy.vyroxeres.shovel in NEI
INFO: Removing 0 recipes
INFO: Hiding item.metallurgy.vyroxeres.sword in NEI
INFO: Removing 0 recipes
INFO: Hiding item.metallurgy.vyroxeres.hoe in NEI
INFO: Removing 0 recipes
INFO: Hiding item.metallurgy.vyroxeres.helmet in NEI
INFO: Removing 0 recipes
INFO: Hiding item.metallurgy.vyroxeres.chestplate in NEI
INFO: Removing 0 recipes
INFO: Hiding item.metallurgy.vyroxeres.leggings in NEI
INFO: Removing 0 recipes
INFO: Hiding item.metallurgy.vyroxeres.boots in NEI
INFO: Removing 0 recipes
INFO: Hiding item.metallurgy.adamantine.pickaxe in NEI
INFO: Removing 0 recipes
INFO: Hiding item.metallurgy.adamantine.axe in NEI
INFO: Removing 0 recipes
INFO: Hiding item.metallurgy.adamantine.shovel in NEI
INFO: Removing 0 recipes
INFO: Hiding item.metallurgy.adamantine.sword in NEI
INFO: Removing 0 recipes
INFO: Hiding item.metallurgy.adamantine.hoe in NEI
INFO: Removing 0 recipes
INFO: Hiding item.metallurgy.adamantine.helmet in NEI
INFO: Removing 0 recipes
INFO: Hiding item.metallurgy.adamantine.chestplate in NEI
INFO: Removing 0 recipes
INFO: Hiding item.metallurgy.adamantine.leggings in NEI
INFO: Removing 0 recipes
INFO: Hiding item.metallurgy.adamantine.boots in NEI
INFO: Removing 0 recipes
INFO: Hiding item.metallurgy.brass.pickaxe in NEI
INFO: Removing 0 recipes
INFO: Hiding item.metallurgy.brass.axe in NEI
INFO: Removing 0 recipes
INFO: Hiding item.metallurgy.brass.shovel in NEI
INFO: Removing 0 recipes
INFO: Hiding item.metallurgy.brass.sword in NEI
INFO: Removing 0 recipes
INFO: Hiding item.metallurgy.brass.hoe in NEI
INFO: Removing 0 recipes
INFO: Hiding item.metallurgy.amordrine.pickaxe in NEI
INFO: Removing 0 recipes
INFO: Hiding item.metallurgy.amordrine.axe in NEI
INFO: Removing 0 recipes
INFO: Hiding item.metallurgy.amordrine.shovel in NEI
INFO: Removing 0 recipes
INFO: Hiding item.metallurgy.amordrine.sword in NEI
INFO: Removing 0 recipes
INFO: Hiding item.metallurgy.amordrine.hoe in NEI
INFO: Removing 0 recipes
INFO: Hiding item.metallurgy.angmallen.pickaxe in NEI
INFO: Removing 0 recipes
INFO: Hiding item.metallurgy.angmallen.axe in NEI
INFO: Removing 0 recipes
INFO: Hiding item.metallurgy.angmallen.shovel in NEI
INFO: Removing 0 recipes
INFO: Hiding item.metallurgy.angmallen.sword in NEI
INFO: Removing 0 recipes
INFO: Hiding item.metallurgy.angmallen.hoe in NEI
INFO: Removing 0 recipes
INFO: Hiding item.metallurgy.black.steel.pickaxe in NEI
INFO: Removing 0 recipes
INFO: Hiding item.metallurgy.black.steel.axe in NEI
INFO: Removing 0 recipes
INFO: Hiding item.metallurgy.black.steel.shovel in NEI
INFO: Removing 0 recipes
INFO: Hiding item.metallurgy.black.steel.sword in NEI
INFO: Removing 0 recipes
INFO: Hiding item.metallurgy.black.steel.hoe in NEI
INFO: Removing 0 recipes
INFO: Hiding item.metallurgy.bronze.pickaxe in NEI
INFO: Removing 0 recipes
INFO: Hiding item.metallurgy.bronze.axe in NEI
INFO: Removing 0 recipes
INFO: Hiding item.metallurgy.bronze.shovel in NEI
INFO: Removing 0 recipes
INFO: Hiding item.metallurgy.bronze.sword in NEI
INFO: Removing 0 recipes
INFO: Hiding item.metallurgy.bronze.hoe in NEI
INFO: Removing 0 recipes
INFO: Hiding item.metallurgy.celenegil.pickaxe in NEI
INFO: Removing 0 recipes
INFO: Hiding item.metallurgy.celenegil.axe in NEI
INFO: Removing 0 recipes
INFO: Hiding item.metallurgy.celenegil.shovel in NEI
INFO: Removing 0 recipes
INFO: Hiding item.metallurgy.celenegil.sword in NEI
INFO: Removing 0 recipes
INFO: Hiding item.metallurgy.celenegil.hoe in NEI
INFO: Removing 0 recipes
INFO: Hiding item.metallurgy.damascus.steel.pickaxe in NEI
INFO: Removing 0 recipes
INFO: Hiding item.metallurgy.damascus.steel.axe in NEI
INFO: Removing 0 recipes
INFO: Hiding item.metallurgy.damascus.steel.shovel in NEI
INFO: Removing 0 recipes
INFO: Hiding item.metallurgy.damascus.steel.sword in NEI
INFO: Removing 0 recipes
INFO: Hiding item.metallurgy.damascus.steel.hoe in NEI
INFO: Removing 0 recipes
INFO: Hiding item.metallurgy.desichalkos.pickaxe in NEI
INFO: Removing 0 recipes
INFO: Hiding item.metallurgy.desichalkos.axe in NEI
INFO: Removing 0 recipes
INFO: Hiding item.metallurgy.desichalkos.shovel in NEI
INFO: Removing 0 recipes
INFO: Hiding item.metallurgy.desichalkos.sword in NEI
INFO: Removing 0 recipes
INFO: Hiding item.metallurgy.desichalkos.hoe in NEI
INFO: Removing 0 recipes
INFO: Hiding item.metallurgy.electrum.pickaxe in NEI
INFO: Removing 0 recipes
INFO: Hiding item.metallurgy.electrum.axe in NEI
INFO: Removing 0 recipes
INFO: Hiding item.metallurgy.electrum.shovel in NEI
INFO: Removing 0 recipes
INFO: Hiding item.metallurgy.electrum.sword in NEI
INFO: Removing 0 recipes
INFO: Hiding item.metallurgy.electrum.hoe in NEI
INFO: Removing 0 recipes
INFO: Hiding item.metallurgy.haderoth.pickaxe in NEI
INFO: Removing 0 recipes
INFO: Hiding item.metallurgy.haderoth.axe in NEI
INFO: Removing 0 recipes
INFO: Hiding item.metallurgy.haderoth.shovel in NEI
INFO: Removing 0 recipes
INFO: Hiding item.metallurgy.haderoth.sword in NEI
INFO: Removing 0 recipes
INFO: Hiding item.metallurgy.haderoth.hoe in NEI
INFO: Removing 0 recipes
INFO: Hiding item.metallurgy.hepatizon.pickaxe in NEI
INFO: Removing 0 recipes
INFO: Hiding item.metallurgy.hepatizon.axe in NEI
INFO: Removing 0 recipes
INFO: Hiding item.metallurgy.hepatizon.shovel in NEI
INFO: Removing 0 recipes
INFO: Hiding item.metallurgy.hepatizon.sword in NEI
INFO: Removing 0 recipes
INFO: Hiding item.metallurgy.hepatizon.hoe in NEI
INFO: Removing 0 recipes
INFO: Hiding item.metallurgy.inolashite.pickaxe in NEI
INFO: Removing 0 recipes
INFO: Hiding item.metallurgy.inolashite.axe in NEI
INFO: Removing 0 recipes
INFO: Hiding item.metallurgy.inolashite.shovel in NEI
INFO: Removing 0 recipes
INFO: Hiding item.metallurgy.inolashite.sword in NEI
INFO: Removing 0 recipes
INFO: Hiding item.metallurgy.inolashite.hoe in NEI
INFO: Removing 0 recipes
INFO: Hiding item.metallurgy.platinum.pickaxe in NEI
INFO: Removing 0 recipes
INFO: Hiding item.metallurgy.platinum.axe in NEI
INFO: Removing 0 recipes
INFO: Hiding item.metallurgy.platinum.shovel in NEI
INFO: Removing 0 recipes
INFO: Hiding item.metallurgy.platinum.sword in NEI
INFO: Removing 0 recipes
INFO: Hiding item.metallurgy.platinum.hoe in NEI
INFO: Removing 0 recipes
INFO: Hiding item.metallurgy.quicksilver.pickaxe in NEI
INFO: Removing 0 recipes
INFO: Hiding item.metallurgy.quicksilver.axe in NEI
INFO: Removing 0 recipes
INFO: Hiding item.metallurgy.quicksilver.shovel in NEI
INFO: Removing 0 recipes
INFO: Hiding item.metallurgy.quicksilver.sword in NEI
INFO: Removing 0 recipes
INFO: Hiding item.metallurgy.quicksilver.hoe in NEI
INFO: Removing 0 recipes
INFO: Hiding item.metallurgy.shadow.steel.pickaxe in NEI
INFO: Removing 0 recipes
INFO: Hiding item.metallurgy.shadow.steel.axe in NEI
INFO: Removing 0 recipes
INFO: Hiding item.metallurgy.shadow.steel.shovel in NEI
INFO: Removing 0 recipes
INFO: Hiding item.metallurgy.shadow.steel.sword in NEI
INFO: Removing 0 recipes
INFO: Hiding item.metallurgy.shadow.steel.hoe in NEI
INFO: Removing 0 recipes
INFO: Hiding item.metallurgy.tartarite.pickaxe in NEI
INFO: Removing 0 recipes
INFO: Hiding item.metallurgy.tartarite.axe in NEI
INFO: Removing 0 recipes
INFO: Hiding item.metallurgy.tartarite.shovel in NEI
INFO: Removing 0 recipes
INFO: Hiding item.metallurgy.tartarite.sword in NEI
INFO: Removing 0 recipes
INFO: Hiding item.metallurgy.tartarite.hoe in NEI
INFO: Removing 0 recipes
INFO: Hiding item.metallurgy.steel.pickaxe in NEI
INFO: Removing 0 recipes
INFO: Hiding item.metallurgy.steel.axe in NEI
INFO: Removing 0 recipes
INFO: Hiding item.metallurgy.steel.shovel in NEI
INFO: Removing 0 recipes
INFO: Hiding item.metallurgy.steel.sword in NEI
INFO: Removing 0 recipes
INFO: Hiding item.metallurgy.steel.hoe in NEI
INFO: Removing 1 recipes
INFO: Removing 1 recipes
INFO: Removing 1 recipes
INFO: Removing 1 recipes
INFO: Removing 1 recipes
INFO: Removing 1 recipes
INFO: Removing 1 recipes
INFO: Removing 1 recipes
INFO: Removing 1 recipes
INFO: Removing 1 recipes
INFO: Removing 1 recipes
INFO: Removing 1 recipes
INFO: Removing 1 recipes
INFO: Removing 1 recipes
INFO: Removing 2 recipes
INFO: Removing 1 recipes
INFO: Removing 1 recipes
INFO: Removing 1 recipes
INFO: Removing 1 recipes
INFO: Removing 1 recipes
INFO: Removing 1 recipes
INFO: Removing 2 recipes
INFO: Removing 1 recipes
INFO: Removing 1 recipes
INFO: Removing 0 recipes
INFO: Adding recipe for Ejector
INFO: Adding recipe for Upgrade (Lapis)
INFO: Adding recipe for Upgrade (Tin)
INFO: Adding recipe for Upgrade (Iron)
INFO: Adding recipe for Upgrade (Copper)
INFO: Adding recipe for Upgrade (Bronze)
INFO: Adding recipe for Upgrade (Silver)
INFO: Adding recipe for Upgrade (Gold)
INFO: Adding recipe for Upgrade (Quartz)
INFO: Adding recipe for Upgrade (Diamond)
INFO: Adding recipe for Upgrade (Platinum)
INFO: Adding recipe for Upgrade (Emerald)
INFO: Adding recipe for Upgrade (Cobble)
INFO: Adding recipe for Safari Net Launcher
INFO: Adding recipe for RedNet Cable
INFO: Adding recipe for Programmable RedNet Controller Housing
INFO: Adding recipe for Programmable RedNet Controller
INFO: Adding recipe for PRC LX-100 Logic Expansion Card
INFO: Adding recipe for PRC LX-300 Logic Expansion Card
INFO: Adding recipe for PRC LX-500 Logic Expansion Card
INFO: Adding recipe for RedNet Multimeter
INFO: Adding recipe for PRC Memory Card
INFO: Adding recipe for Conveyor Belt
INFO: Adding recipe for RedNet Meter
INFO: Adding recipe for RedNet Cable
INFO: Removing 1 recipes
INFO: Hiding item.natura.pickaxe.ghostwood in NEI
INFO: Removing 1 recipes
INFO: Hiding item.natura.axe.ghostwood in NEI
INFO: Removing 1 recipes
INFO: Hiding item.natura.shovel.ghostwood in NEI
INFO: Removing 1 recipes
INFO: Hiding item.natura.sword.ghostwood in NEI
INFO: Removing 1 recipes
INFO: Hiding item.natura.pickaxe.bloodwood in NEI
INFO: Removing 1 recipes
INFO: Hiding item.natura.axe.bloodwood in NEI
INFO: Removing 1 recipes
INFO: Hiding item.natura.shovel.bloodwood in NEI
INFO: Removing 1 recipes
INFO: Hiding item.natura.sword.bloodwood in NEI
INFO: Removing 1 recipes
INFO: Hiding item.natura.pickaxe.darkwood in NEI
INFO: Removing 1 recipes
INFO: Hiding item.natura.axe.darkwood in NEI
INFO: Removing 1 recipes
INFO: Hiding item.natura.shovel.darkwood in NEI
INFO: Removing 1 recipes
INFO: Hiding item.natura.sword.darkwood in NEI
INFO: Removing 1 recipes
INFO: Hiding item.natura.pickaxe.fusewood in NEI
INFO: Removing 1 recipes
INFO: Hiding item.natura.axe.fusewood in NEI
INFO: Removing 1 recipes
INFO: Hiding item.natura.shovel.fusewood in NEI
INFO: Removing 1 recipes
INFO: Hiding item.natura.sword.fusewood in NEI
INFO: Removing 1 recipes
INFO: Hiding item.natura.pickaxe.netherquartz in NEI
INFO: Removing 1 recipes
INFO: Hiding item.natura.axe.netherquartz in NEI
INFO: Removing 1 recipes
INFO: Hiding item.natura.shovel.netherquartz in NEI
INFO: Removing 1 recipes
INFO: Hiding item.natura.sword.netherquartz in NEI
INFO: Removing 1 recipes
INFO: Removing 1 recipes
INFO: Adding recipe for Eucalyptus Pressure Plate
INFO: Adding recipe for Sakura Pressure Plate
INFO: Adding recipe for Ghostwood Pressure Plate
INFO: Adding recipe for Redwood Pressure Plate
INFO: Adding recipe for Blood Pressure Plate
INFO: Adding recipe for Hopseed Pressure Plate
INFO: Adding recipe for Maple Pressure Plate
INFO: Adding recipe for Silverbell Pressure Plate
INFO: Adding recipe for Amaranth Pressure Plate
INFO: Adding recipe for Tigerwood Pressure Plate
INFO: Adding recipe for Willow Pressure Plate
INFO: Adding recipe for Darkwood Pressure Plate
INFO: Adding recipe for Fusewood Pressure Plate
INFO: Adding recipe for Pressure Plate
INFO: Removing 1 recipes
INFO: Removing 1 recipes
INFO: Adding recipe for Button
INFO: Adding recipe for Eucalyptus Button
INFO: Adding recipe for Sakura Button
INFO: Adding recipe for Ghostwood Button
INFO: Adding recipe for Redwood Button
INFO: Adding recipe for Blood Button
INFO: Adding recipe for Hopseed Button
INFO: Adding recipe for Maple Button
INFO: Adding recipe for Silverbell Button
INFO: Adding recipe for Amaranth Button
INFO: Adding recipe for Tigerwood Button
INFO: Adding recipe for Willow Button
INFO: Adding recipe for Darkwood Button
INFO: Adding recipe for Fusewood Button
INFO: Removing 1 recipes
INFO: Removing 1 recipes
INFO: Removing 1 recipes
INFO: Adding recipe for Activator Blaze Rail
INFO: Adding recipe for Powered Blaze Rail
INFO: Adding recipe for Detector Blaze Rail
INFO: Hiding item.particleman:particleglove in NEI
INFO: Removing 1 recipes
INFO: Removing 12 recipes
INFO: Adding recipe for Oak Wood Planks
INFO: Adding recipe for Spruce Wood Planks
INFO: Adding recipe for Birch Wood Planks
INFO: Adding recipe for Jungle Wood Planks
INFO: Adding recipe for Acacia Wood Planks
INFO: Adding recipe for Dark Oak Wood Planks
INFO: Removing 15 recipes
INFO: Adding recipe for Sacred Oak Wood Planks
INFO: Adding recipe for Cherry Wood Planks
INFO: Adding recipe for Dark Wood Planks
INFO: Adding recipe for Fir Wood Planks
INFO: Adding recipe for Ethereal Wood Planks
INFO: Adding recipe for Magic Wood Planks
INFO: Adding recipe for Mangrove Wood Planks
INFO: Adding recipe for Palm Wood Planks
INFO: Adding recipe for Redwood Wood Planks
INFO: Adding recipe for Willow Wood Planks
INFO: Adding recipe for Pine Wood Planks
INFO: Adding recipe for Hellbark Wood Planks
INFO: Adding recipe for Jacaranda Wood Planks
INFO: Adding recipe for Mahogany Wood Planks
INFO: Removing 13 recipes
INFO: Adding recipe for Eucalyptus Planks
INFO: Adding recipe for Sakura Planks
INFO: Adding recipe for Ghostwood Planks
INFO: Adding recipe for Redwood Planks
INFO: Adding recipe for Bloodwood Planks
INFO: Adding recipe for Hopseed Planks
INFO: Adding recipe for Maple Planks
INFO: Adding recipe for Silverbell Planks
INFO: Adding recipe for Amaranth Planks
INFO: Adding recipe for Tigerwood Planks
INFO: Adding recipe for Willow Planks
INFO: Adding recipe for Darkwood Planks
INFO: Adding recipe for Fusewood Planks
INFO: Adding recipe for Bamboo Thatching
INFO: Adding Diamond Saw to ore dictionary entry materialSaw
INFO: Adding Iron Saw to ore dictionary entry materialSaw
INFO: Adding Stone Saw to ore dictionary entry materialSaw
INFO: Adding Ardite Saw to ore dictionary entry materialSaw
INFO: Adding Cobalt Saw to ore dictionary entry materialSaw
INFO: Adding Manyullyn Saw to ore dictionary entry materialSaw
INFO: Adding Golden Saw to ore dictionary entry materialSaw
INFO: Adding Peridot Saw to ore dictionary entry materialSaw
INFO: Adding Ruby Saw to ore dictionary entry materialSaw
INFO: Adding Sapphire Saw to ore dictionary entry materialSaw
INFO: Adding recipe for Oak Wood Planks
INFO: Adding recipe for Spruce Wood Planks
INFO: Adding recipe for Birch Wood Planks
INFO: Adding recipe for Jungle Wood Planks
INFO: Adding recipe for Acacia Wood Planks
INFO: Adding recipe for Dark Oak Wood Planks
INFO: Adding recipe for Sacred Oak Wood Planks
INFO: Adding recipe for Cherry Wood Planks
INFO: Adding recipe for Dark Wood Planks
INFO: Adding recipe for Fir Wood Planks
INFO: Adding recipe for Ethereal Wood Planks
INFO: Adding recipe for Magic Wood Planks
INFO: Adding recipe for Mangrove Wood Planks
INFO: Adding recipe for Palm Wood Planks
INFO: Adding recipe for Redwood Wood Planks
INFO: Adding recipe for Willow Wood Planks
INFO: Adding recipe for Pine Wood Planks
INFO: Adding recipe for Hellbark Wood Planks
INFO: Adding recipe for Jacaranda Wood Planks
INFO: Adding recipe for Mahogany Wood Planks
INFO: Adding recipe for Eucalyptus Planks
INFO: Adding recipe for Sakura Planks
INFO: Adding recipe for Ghostwood Planks
INFO: Adding recipe for Redwood Planks
INFO: Adding recipe for Bloodwood Planks
INFO: Adding recipe for Hopseed Planks
INFO: Adding recipe for Maple Planks
INFO: Adding recipe for Silverbell Planks
INFO: Adding recipe for Amaranth Planks
INFO: Adding recipe for Tigerwood Planks
INFO: Adding recipe for Willow Planks
INFO: Adding recipe for Darkwood Planks
INFO: Adding recipe for Fusewood Planks
INFO: Removing 1 recipes
INFO: Adding recipe for Pressure Plate
INFO: Removing 1 recipes
INFO: Adding recipe for Pressure Plate
INFO: Removing 1 recipes
INFO: Removing 1 recipes
INFO: Removing 1 recipes
INFO: Removing 1 recipes
INFO: Removing 1 recipes
INFO: Removing 1 recipes
INFO: Removing 1 recipes
INFO: Removing 1 recipes
INFO: Removing 1 recipes
INFO: Removing 1 recipes
INFO: Removing 1 recipes
INFO: Removing 1 recipes
INFO: Removing 1 recipes
INFO: Removing 1 recipes
INFO: Removing 1 recipes
INFO: Removing 1 recipes
INFO: Removing 1 recipes
INFO: Removing 1 recipes
INFO: Removing 1 recipes
INFO: Removing 1 recipes
INFO: Removing 1 recipes
INFO: Removing 1 recipes
INFO: Removing 1 recipes
INFO: Removing 1 recipes
INFO: Adding recipe for Anode
INFO: Adding recipe for Motor
INFO: Adding recipe for Red Iron Compound
INFO: Adding recipe for Red Silicon Compound
INFO: Adding recipe for Data Card
INFO: Adding recipe for Routed Interface pipe
INFO: Adding recipe for Routed Request pipe
INFO: Adding recipe for Null-Logic Routing Chip
INFO: Adding recipe for Item Responder chip
INFO: Adding recipe for Dynamic Item Responder chip
INFO: Adding recipe for Item Overflow Responder chip
INFO: Adding recipe for Item Terminator chip
INFO: Adding recipe for Item Extractor chip
INFO: Adding recipe for Item Broadcaster chip
INFO: Adding recipe for Item Stock Keeper chip
INFO: Adding recipe for Item Crafting chip
INFO: Adding recipe for Item Crafting Extension chip
INFO: Adding recipe for Router Utility
INFO: Adding recipe for Block Breaker
INFO: Adding recipe for Item Importer
INFO: Adding recipe for Block Placer
INFO: Adding recipe for Filtered Importer
INFO: Adding recipe for Fire Starter
INFO: Adding recipe for Conductive Plate
INFO: Removing 32 recipes
INFO: Hiding item.projectred.exploration.backpack|32767 in NEI
INFO: Removing 1 recipes
INFO: Removing 1 recipes
INFO: Removing 1 recipes
INFO: Adding recipe for Item Collector
INFO: Adding recipe for Online Detector
INFO: Adding recipe for Bloodmoon Sensor
INFO: Removing 1 recipes
INFO: Removing 2 recipes
INFO: Removing 2 recipes
INFO: Removing 2 recipes
INFO: Removing 2 recipes
INFO: Removing 2 recipes
INFO: Removing 2 recipes
INFO: Removing 0 recipes
INFO: Removing 1 recipes
INFO: Removing 1 recipes
INFO: Removing 1 recipes
INFO: Removing 1 recipes
INFO: Removing 1 recipes
INFO: Removing 1 recipes
INFO: Removing 1 recipes
INFO: Removing 1 recipes
INFO: Removing 1 recipes
INFO: Removing 1 recipes
INFO: Removing 1 recipes
INFO: Removing 1 recipes
INFO: Removing 1 recipes
INFO: Removing 1 recipes
INFO: Removing 1 recipes
INFO: Removing 1 recipes
INFO: Removing 1 recipes
INFO: Removing 1 recipes
INFO: Removing 1 recipes
INFO: Removing 1 recipes
INFO: Removing 1 recipes
INFO: Removing 1 recipes
INFO: Removing 1 recipes
INFO: Removing 1 recipes
INFO: Removing 2 recipes
INFO: Removing 3 recipes
INFO: Removing 3 recipes
INFO: Removing 1 recipes
INFO: Removing 2 recipes
INFO: Removing 2 recipes
INFO: Removing 2 recipes
INFO: Removing 2 recipes
INFO: Adding recipe for Forge Lexicon
INFO: Adding recipe for Steam Dynamo
INFO: Adding recipe for Magmatic Dynamo
INFO: Adding recipe for Compression Dynamo
INFO: Adding recipe for Reactant Dynamo
INFO: Adding recipe for Enervation Dynamo
INFO: Adding recipe for Tuberous Flux Capacitor
INFO: Adding recipe for Tuberous Flux Capacitor
INFO: Adding recipe for Leadstone Flux Capacitor
INFO: Adding recipe for Hardened Flux Capacitor
INFO: Adding recipe for Redstone Flux Capacitor
INFO: Adding recipe for Resonant Flux Capacitor
INFO: Adding recipe for Flux Igniter
INFO: Adding recipe for Flux Chiller
INFO: Adding recipe for FluiVac
INFO: Adding recipe for Flux Transfuser
INFO: Adding recipe for Pneumatic Servo
INFO: Adding recipe for Redstone Reception Coil
INFO: Adding recipe for Redstone Transmission Coil
INFO: Adding recipe for Redstone Conductance Coil
INFO: Adding recipe for Augment: Integrated Redstone Circuit
INFO: Adding recipe for Augment: Excitation Field Limiter
INFO: Adding recipe for Augment: Secondary Gearbox
INFO: Adding recipe for Augment: Flux Linkage Optimization
INFO: Adding recipe for Augment: Secondary Transmission Coil
INFO: Adding recipe for Augment: Flux Modulation Booster
INFO: Adding recipe for Augment: Secondary Reception Coil
INFO: Adding recipe for Augment: Overclocked Modular Gearbox
INFO: Adding recipe for Augment: Nullification Chamber
INFO: Adding recipe for Augment: Trivection Chamber
INFO: Adding recipe for Redstone Relay
INFO: Adding recipe for Servo
INFO: Adding recipe for Hardened Servo
INFO: Adding recipe for Signalum Servo
INFO: Adding recipe for Resonant Servo
INFO: Adding recipe for Leadstone Fluxduct
INFO: Adding recipe for Hardened Fluxduct
INFO: Adding recipe for Resonant Fluxduct
INFO: Adding recipe for Resonant Fluxduct (Empty)
INFO: Adding recipe for Flux-Plated Fluiduct
INFO: Adding recipe for Hardened Fluxduct
INFO: Adding recipe for Resonant Fluxduct
INFO: Adding recipe for Resonant Fluxduct (Empty)
INFO: Adding Crafting Station to ore dictionary entry crafterWood
INFO: Adding Crafting Station to ore dictionary entry crafterWood
INFO: Removing 1 recipes
INFO: Removing 1 recipes
INFO: Removing 1 recipes
INFO: Removing 1 recipes
INFO: Removing 1 recipes
INFO: Removing 1 recipes
INFO: Removing 2 recipes
INFO: Removing 0 recipes
INFO: Adding recipe for Steam Turbine
INFO: Adding recipe for Landmine
INFO: Adding recipe for Landmine
INFO: Adding recipe for Landmine
INFO: Adding recipe for Landmine
INFO: Adding recipe for Blood Channel
INFO: Adding recipe for Slime Channel
INFO: Adding recipe for Slime Channel
INFO: Removing 1 recipes
INFO: Removing 1 recipes
INFO: Removing 1 recipes
INFO: Removing 1 recipes
INFO: Removing 1 recipes
INFO: Removing 1 recipes
INFO: Removing 1 recipes
INFO: Removing 1 recipes
INFO: Removing 1 recipes
INFO: Removing 1 recipes
INFO: Removing 1 recipes
INFO: Removing 1 recipes
INFO: Removing 1 recipes
INFO: Removing 1 recipes
INFO: Removing 1 recipes
INFO: Removing 1 recipes
INFO: Adding recipe for White Shaded Glass
INFO: Adding recipe for Orange Shaded Glass
INFO: Adding recipe for Magenta Shaded Glass
INFO: Adding recipe for Light Blue Shaded Glass
INFO: Adding recipe for Yellow Shaded Glass
INFO: Adding recipe for Lime Shaded Glass
INFO: Adding recipe for Pink Shaded Glass
INFO: Adding recipe for Gray Shaded Glass
INFO: Adding recipe for Silver Shaded Glass
INFO: Adding recipe for Cyan Shaded Glass
INFO: Adding recipe for Purple Shaded Glass
INFO: Adding recipe for Blue Shaded Glass
INFO: Adding recipe for Brown Shaded Glass
INFO: Adding recipe for Green Shaded Glass
INFO: Adding recipe for Red Shaded Glass
INFO: Adding recipe for Black Shaded Glass
INFO: Removing 1 recipes
INFO: Adding recipe for Snow Pressure Plate
INFO: Removing 5 recipes
INFO: Adding recipe for Torch
INFO: Adding recipe for Torch
INFO: Removing 31 furnace recipes
INFO: Removing 1 recipes
INFO: Removing 1 recipes
INFO: Removing 1 recipes
INFO: Adding recipe for Button
INFO: Adding recipe for Button
INFO: Adding recipe for Iron Door
INFO: Removing 1 recipes
INFO: Adding recipe for Lever
INFO: Removing 0 recipes
INFO: Removing 0 recipes
INFO: Removing 0 recipes
INFO: Removing 0 recipes
INFO: Removing 0 recipes
INFO: Removing 0 recipes
INFO: Removing 0 recipes
INFO: Removing 0 recipes
INFO: Removing 0 recipes
INFO: Removing 0 recipes
INFO: Adding recipe for Iron Sword
INFO: Adding recipe for Wooden Sword
INFO: Adding recipe for Stone Sword
INFO: Adding recipe for Stone Shovel
INFO: Adding recipe for Stone Pickaxe
INFO: Adding recipe for Stone Axe
INFO: Removing 2 recipes
INFO: Removing 1 recipes
INFO: Adding recipe for Ender Chest
INFO: Removing 0 recipes
INFO: Adding recipe for End Portal
INFO: Removing 1 recipes
INFO: Removing 1 recipes
INFO: Removing 1 recipes
INFO: Removing 1 recipes
INFO: Removing 1 recipes
INFO: Removing 2 recipes
INFO: Removing 2 recipes
INFO: Removing 1 recipes
INFO: Removing 1 recipes
INFO: Removing 1 recipes
INFO: Removing 2 recipes
INFO: Removing 0 recipes
INFO: Removing 1 recipes
INFO: Adding recipe for Redstone Lamp
INFO: Adding recipe for Note Block
INFO: Adding recipe for Powered Rail
INFO: Adding recipe for Activator Rail
INFO: Adding recipe for Detector Rail
INFO: Adding recipe for Redstone Comparator
INFO: Adding recipe for Clock
INFO: Adding recipe for Compass
INFO: Adding recipe for Dispenser
INFO: Adding recipe for Dropper
INFO: Adding recipe for Piston
INFO: Adding recipe for Clock
INFO: Adding recipe for Redstone Repeater
INFO: Removing 1 recipes
INFO: Removing 1 recipes
INFO: Removing 1 recipes
INFO: Removing 1 recipes
INFO: Adding recipe for Pressure Plate
INFO: Adding recipe for Pressure Plate
INFO: Adding recipe for Weighted Pressure Plate (Light)
INFO: Adding recipe for Weighted Pressure Plate (Heavy)
INFO: Adding minetweaker command tooltips
INFO: Adding minetweaker command entities
INFO: Adding minetweaker command appeng
INFO: Adding minetweaker command materials
INFO: Adding minetweaker command modifiers
INFO: Adding minetweaker command tconstruct
INFO: Adding minetweaker command thermalexpansion
